Using pre-set license
Built from '2022.1/release' branch; Version is '2022.1.21f1 (9ac1ff5ca45b) revision 10142207'; Using compiler version '192829333'; Build Type 'Release'
OS: 'Windows 10  (10.0.19044) 64bit Professional' Language: 'en' Physical Memory: 16110 MB
BatchMode: 1, IsHumanControllingUs: 0, StartBugReporterOnCrash: 0, Is64bit: 1, IsPro: 1

COMMAND LINE ARGUMENTS:
D:\2022.1.21f1\Editor\Unity.exe
-adb2
-batchMode
-noUpm
-name
AssetImportWorker0
-projectPath
D:/Proiecte/Jocuri/ProiectGameDev_Echipa2/My project
-logFile
Logs/AssetImportWorker0.log
-srvPort
56909
Successfully changed project path to: D:/Proiecte/Jocuri/ProiectGameDev_Echipa2/My project
D:/Proiecte/Jocuri/ProiectGameDev_Echipa2/My project
[UnityMemory] Configuration Parameters - Can be set up in boot.config
    "memorysetup-bucket-allocator-granularity=16"
    "memorysetup-bucket-allocator-bucket-count=8"
    "memorysetup-bucket-allocator-block-size=33554432"
    "memorysetup-bucket-allocator-block-count=8"
    "memorysetup-main-allocator-block-size=16777216"
    "memorysetup-thread-allocator-block-size=16777216"
    "memorysetup-gfx-main-allocator-block-size=16777216"
    "memorysetup-gfx-thread-allocator-block-size=16777216"
    "memorysetup-cache-allocator-block-size=4194304"
    "memorysetup-typetree-allocator-block-size=2097152"
    "memorysetup-profiler-bucket-allocator-granularity=16"
    "memorysetup-profiler-bucket-allocator-bucket-count=8"
    "memorysetup-profiler-bucket-allocator-block-size=33554432"
    "memorysetup-profiler-bucket-allocator-block-count=8"
    "memorysetup-profiler-allocator-block-size=16777216"
    "memorysetup-profiler-editor-allocator-block-size=1048576"
    "memorysetup-temp-allocator-size-main=16777216"
    "memorysetup-job-temp-allocator-block-size=2097152"
    "memorysetup-job-temp-allocator-block-size-background=1048576"
    "memorysetup-job-temp-allocator-reduction-small-platforms=262144"
    "memorysetup-temp-allocator-size-background-worker=32768"
    "memorysetup-temp-allocator-size-job-worker=262144"
    "memorysetup-temp-allocator-size-preload-manager=33554432"
    "memorysetup-temp-allocator-size-nav-mesh-worker=65536"
    "memorysetup-temp-allocator-size-audio-worker=65536"
    "memorysetup-temp-allocator-size-cloud-worker=32768"
    "memorysetup-temp-allocator-size-gi-baking-worker=262144"
    "memorysetup-temp-allocator-size-gfx=262144"
Refreshing native plugins compatible for Editor in 516.49 ms, found 4 plugins.
Preloading 0 native plugins for Editor in 0.00 ms.
Initialize engine version: 2022.1.21f1 (9ac1ff5ca45b)
[Subsystems] Discovering subsystems at path D:/2022.1.21f1/Editor/Data/Resources/UnitySubsystems
[Subsystems] Discovering subsystems at path D:/Proiecte/Jocuri/ProiectGameDev_Echipa2/My project/Assets
GfxDevice: creating device client; threaded=0; jobified=0
Direct3D:
    Version:  Direct3D 11.0 [level 11.1]
    Renderer: NVIDIA GeForce MX330 (ID=0x1d16)
    Vendor:   NVIDIA
    VRAM:     1983 MB
    Driver:   30.0.15.1169
Initialize mono
Mono path[0] = 'D:/2022.1.21f1/Editor/Data/Managed'
Mono path[1] = 'D:/2022.1.21f1/Editor/Data/MonoBleedingEdge/lib/mono/unityjit-win32'
Mono config path = 'D:/2022.1.21f1/Editor/Data/MonoBleedingEdge/etc'
Using monoOptions --debugger-agent=transport=dt_socket,embedding=1,server=y,suspend=n,address=127.0.0.1:56116
Begin MonoManager ReloadAssembly
Registering precompiled unity dll's ...
Register platform support module: D:/2022.1.21f1/Editor/Data/PlaybackEngines/WindowsStandaloneSupport/UnityEditor.WindowsStandalone.Extensions.dll
Registered in 0.009149 seconds.
Native extension for WindowsStandalone target not found
Refreshing native plugins compatible for Editor in 591.63 ms, found 4 plugins.
Preloading 0 native plugins for Editor in 0.00 ms.
Mono: successfully reloaded assembly
- Completed reload, in  3.321 seconds
Domain Reload Profiling:
	ReloadAssembly (3323ms)
		BeginReloadAssembly (225ms)
			ExecutionOrderSort (0ms)
			DisableScriptedObjects (0ms)
			BackupInstance (0ms)
			ReleaseScriptingObjects (0ms)
			CreateAndSetChildDomain (2ms)
		EndReloadAssembly (2759ms)
			LoadAssemblies (223ms)
			RebuildTransferFunctionScriptingTraits (1ms)
			SetupTypeCache (531ms)
				TypeCache.Initialize (530ms)
					TypeCache.ScanAssembly (522ms)
				ResolveRequiredComponents (1ms)
			ReleaseScriptCaches (0ms)
			RebuildScriptCaches (211ms)
			SetupLoadedEditorAssemblies (1792ms)
				LogAssemblyErrors (0ms)
				InitializePlatformSupportModulesInManaged (35ms)
				SetLoadedEditorAssemblies (146ms)
				RefreshPlugins (592ms)
				BeforeProcessingInitializeOnLoad (5ms)
				ProcessInitializeOnLoadAttributes (834ms)
				ProcessInitializeOnLoadMethodAttributes (179ms)
				AfterProcessingInitializeOnLoad (0ms)
				EditorAssembliesLoaded (1ms)
			ExecutionOrderSort2 (0ms)
			AwakeInstancesAfterBackupRestoration (0ms)
Platform modules already initialized, skipping
Registering precompiled user dll's ...
Registered in 0.011026 seconds.
Begin MonoManager ReloadAssembly
Native extension for WindowsStandalone target not found
Refreshing native plugins compatible for Editor in 954.96 ms, found 4 plugins.
Preloading 0 native plugins for Editor in 0.00 ms.
Mono: successfully reloaded assembly
- Completed reload, in  9.172 seconds
Domain Reload Profiling:
	ReloadAssembly (9176ms)
		BeginReloadAssembly (899ms)
			ExecutionOrderSort (0ms)
			DisableScriptedObjects (29ms)
			BackupInstance (0ms)
			ReleaseScriptingObjects (1ms)
			CreateAndSetChildDomain (116ms)
		EndReloadAssembly (7332ms)
			LoadAssemblies (650ms)
			RebuildTransferFunctionScriptingTraits (0ms)
			SetupTypeCache (2373ms)
				TypeCache.Initialize (2311ms)
					TypeCache.ScanAssembly (2289ms)
				ResolveRequiredComponents (63ms)
			ReleaseScriptCaches (8ms)
			RebuildScriptCaches (724ms)
			SetupLoadedEditorAssemblies (3084ms)
				LogAssemblyErrors (0ms)
				InitializePlatformSupportModulesInManaged (18ms)
				SetLoadedEditorAssemblies (25ms)
				RefreshPlugins (955ms)
				BeforeProcessingInitializeOnLoad (626ms)
				ProcessInitializeOnLoadAttributes (1079ms)
				ProcessInitializeOnLoadMethodAttributes (372ms)
				AfterProcessingInitializeOnLoad (8ms)
				EditorAssembliesLoaded (1ms)
			ExecutionOrderSort2 (0ms)
			AwakeInstancesAfterBackupRestoration (41ms)
Platform modules already initialized, skipping
========================================================================
Worker process is ready to serve import requests
Launched and connected shader compiler UnityShaderCompiler.exe after 0.12 seconds
Refreshing native plugins compatible for Editor in 6.01 ms, found 4 plugins.
Preloading 0 native plugins for Editor in 0.00 ms.
Unloading 5581 Unused Serialized files (Serialized files now loaded: 0)
Unloading 40 unused Assets / (348.0 KB). Loaded Objects now: 6032.
Memory consumption went from 0.85 GB to 0.85 GB.
Total: 13.160900 ms (FindLiveObjects: 2.017800 ms CreateObjectMapping: 1.317600 ms MarkObjects: 9.459300 ms  DeleteObjects: 0.363800 ms)

AssetImportParameters requested are different than current active one (requested -> active):
  custom:video-decoder-ogg-theora: a1e56fd34408186e4bbccfd4996cb3dc -> 
  custom:container-muxer-webm: aa71ff27fc2769a1b78a27578f13a17b -> 
  custom:container-demuxer-webm: 4f35f7cbe854078d1ac9338744f61a02 -> 
  custom:video-encoder-webm-vp8: eb34c28f22e8b96e1ab97ce403110664 -> 
  custom:audio-encoder-webm-vorbis: bf7c407c2cedff20999df2af8eb42d56 -> 
  custom:framework-win-MediaFoundation: 216162199b28c13a410421893ffa2e32 -> 
  custom:container-demuxer-ogg: 62fdf1f143b41e24485cea50d1cbac27 -> 
  custom:video-decoder-webm-vp8: 9c59270c3fd7afecdb556c50c9e8de78 -> 
  custom:audio-decoder-ogg-vorbis: bf7c407c2cedff20999df2af8eb42d56 -> 
========================================================================
Received Import Request.
  Time since last request: 418.537779 seconds.
  path: Assets/Scripts/PlayerMovement.cs
  artifactKey: Guid(42764985ffcae5f4ab4d0b57b94a5f03) Importer(815301076,1909f56bfc062723c751e8b465ee728b)
Start importing Assets/Scripts/PlayerMovement.cs using Guid(42764985ffcae5f4ab4d0b57b94a5f03) Importer(815301076,1909f56bfc062723c751e8b465ee728b)  -> (artifact id: '00000000000000000000000000000000') in 0.219683 seconds  code(4) message(Build asset version error: assets/scripts/playermovement.cs in SourceAssetDB has modification time of '2022-11-01T20:43:28.1928765Z' while content on disk has modification time of '2022-11-01T20:48:49.4361978Z')
  ERROR: Build asset version error: assets/scripts/playermovement.cs in SourceAssetDB has modification time of '2022-11-01T20:43:28.1928765Z' while content on disk has modification time of '2022-11-01T20:48:49.4361978Z'
========================================================================
Received Import Request.
  Time since last request: 12.741911 seconds.
  path: Assets/Scripts/PlayerMovement.cs
  artifactKey: Guid(42764985ffcae5f4ab4d0b57b94a5f03) Importer(815301076,1909f56bfc062723c751e8b465ee728b)
Start importing Assets/Scripts/PlayerMovement.cs using Guid(42764985ffcae5f4ab4d0b57b94a5f03) Importer(815301076,1909f56bfc062723c751e8b465ee728b)  -> (artifact id: 'f18111cf7c6a8d146da9279e5ef11aaf') in 0.191642 seconds 
========================================================================
Received Prepare
Registering precompiled user dll's ...
Registered in 0.009872 seconds.
Begin MonoManager ReloadAssembly
Native extension for WindowsStandalone target not found
Refreshing native plugins compatible for Editor in 190.19 ms, found 4 plugins.
Preloading 0 native plugins for Editor in 0.00 ms.
Mono: successfully reloaded assembly
- Completed reload, in  2.074 seconds
Domain Reload Profiling:
	ReloadAssembly (2075ms)
		BeginReloadAssembly (290ms)
			ExecutionOrderSort (0ms)
			DisableScriptedObjects (20ms)
			BackupInstance (0ms)
			ReleaseScriptingObjects (0ms)
			CreateAndSetChildDomain (85ms)
		EndReloadAssembly (1614ms)
			LoadAssemblies (165ms)
			RebuildTransferFunctionScriptingTraits (0ms)
			SetupTypeCache (482ms)
				TypeCache.Initialize (472ms)
					TypeCache.ScanAssembly (459ms)
				ResolveRequiredComponents (11ms)
			ReleaseScriptCaches (3ms)
			RebuildScriptCaches (107ms)
			SetupLoadedEditorAssemblies (795ms)
				LogAssemblyErrors (0ms)
				InitializePlatformSupportModulesInManaged (21ms)
				SetLoadedEditorAssemblies (11ms)
				RefreshPlugins (190ms)
				BeforeProcessingInitializeOnLoad (99ms)
				ProcessInitializeOnLoadAttributes (396ms)
				ProcessInitializeOnLoadMethodAttributes (72ms)
				AfterProcessingInitializeOnLoad (5ms)
				EditorAssembliesLoaded (0ms)
			ExecutionOrderSort2 (0ms)
			AwakeInstancesAfterBackupRestoration (10ms)
Platform modules already initialized, skipping
Refreshing native plugins compatible for Editor in 4.56 ms, found 4 plugins.
Preloading 0 native plugins for Editor in 0.00 ms.
Unloading 4090 Unused Serialized files (Serialized files now loaded: 0)
Unloading 399 unused Assets / (0.7 MB). Loaded Objects now: 5664.
Memory consumption went from 0.65 GB to 0.64 GB.
Total: 9.024400 ms (FindLiveObjects: 0.400800 ms CreateObjectMapping: 0.308500 ms MarkObjects: 6.494700 ms  DeleteObjects: 1.818500 ms)

AssetImportParameters requested are different than current active one (requested -> active):
  custom:video-decoder-ogg-theora: a1e56fd34408186e4bbccfd4996cb3dc -> 
  custom:container-muxer-webm: aa71ff27fc2769a1b78a27578f13a17b -> 
  custom:container-demuxer-webm: 4f35f7cbe854078d1ac9338744f61a02 -> 
  custom:video-encoder-webm-vp8: eb34c28f22e8b96e1ab97ce403110664 -> 
  custom:audio-encoder-webm-vorbis: bf7c407c2cedff20999df2af8eb42d56 -> 
  custom:framework-win-MediaFoundation: 216162199b28c13a410421893ffa2e32 -> 
  custom:container-demuxer-ogg: 62fdf1f143b41e24485cea50d1cbac27 -> 
  custom:video-decoder-webm-vp8: 9c59270c3fd7afecdb556c50c9e8de78 -> 
  custom:audio-decoder-ogg-vorbis: bf7c407c2cedff20999df2af8eb42d56 -> 
========================================================================
Received Import Request.
  Time since last request: 873.634536 seconds.
  path: Assets/Scripts/PlayerMovement.cs
  artifactKey: Guid(42764985ffcae5f4ab4d0b57b94a5f03) Importer(815301076,1909f56bfc062723c751e8b465ee728b)
Start importing Assets/Scripts/PlayerMovement.cs using Guid(42764985ffcae5f4ab4d0b57b94a5f03) Importer(815301076,1909f56bfc062723c751e8b465ee728b)  -> (artifact id: '9308581f4b243ea77a67150fd022f391') in 0.018706 seconds 
========================================================================
Received Import Request.
  Time since last request: 116.654165 seconds.
  path: Assets/Materials/FloorMaterial.mat
  artifactKey: Guid(e703c794def699741bb71b571415e7e8) Importer(815301076,1909f56bfc062723c751e8b465ee728b)
Start importing Assets/Materials/FloorMaterial.mat using Guid(e703c794def699741bb71b571415e7e8) Importer(815301076,1909f56bfc062723c751e8b465ee728b)  -> (artifact id: '6a569fe2c931e5f714daf966fedc66e1') in 0.203851 seconds 
========================================================================
Received Import Request.
  Time since last request: 1.322143 seconds.
  path: Assets/Materials
  artifactKey: Guid(b873859c96b4c7944b64d1ed6f245bf4) Importer(815301076,1909f56bfc062723c751e8b465ee728b)
Start importing Assets/Materials using Guid(b873859c96b4c7944b64d1ed6f245bf4) Importer(815301076,1909f56bfc062723c751e8b465ee728b)  -> (artifact id: 'ad424259e03d493c784425d774b7f71e') in 0.010570 seconds 
========================================================================
Received Import Request.
  Time since last request: 16.735657 seconds.
  path: Assets/Materials/New Physic Material.physicMaterial
  artifactKey: Guid(0668d90e89851be449e47aeb399c038d) Importer(815301076,1909f56bfc062723c751e8b465ee728b)
Start importing Assets/Materials/New Physic Material.physicMaterial using Guid(0668d90e89851be449e47aeb399c038d) Importer(815301076,1909f56bfc062723c751e8b465ee728b)  -> (artifact id: '9aba59109477e21342a80f1d782199af') in 0.010547 seconds 
========================================================================
Received Import Request.
  Time since last request: 77.589265 seconds.
  path: Assets/Materials/ceva.physicMaterial
  artifactKey: Guid(d5875a14047906647bc2c0630aae8fc9) Importer(815301076,1909f56bfc062723c751e8b465ee728b)
Start importing Assets/Materials/ceva.physicMaterial using Guid(d5875a14047906647bc2c0630aae8fc9) Importer(815301076,1909f56bfc062723c751e8b465ee728b)  -> (artifact id: 'cd73fbfa3a06d9989222a6bd2f60e5c8') in 0.009480 seconds 
========================================================================
Received Import Request.
  Time since last request: 483.970814 seconds.
  path: Assets/Samples/Shader Graph/13.1.8/Procedural Patterns
  artifactKey: Guid(9d2bca9ecbffbc7499fb51ad8e2e8a2e) Importer(815301076,1909f56bfc062723c751e8b465ee728b)
Start importing Assets/Samples/Shader Graph/13.1.8/Procedural Patterns using Guid(9d2bca9ecbffbc7499fb51ad8e2e8a2e) Importer(815301076,1909f56bfc062723c751e8b465ee728b)  -> (artifact id: 'a4fd588b602b7e86fa6384b9e220ff42') in 0.020808 seconds 
